2020-04-09 16:16:12 DEBUG AnnotationConfigApplicationContext:594 - Refreshing org.springframework.context.annotation.AnnotationConfigApplicationContext@504bae78
2020-04-09 16:16:12 DEBUG DefaultListableBeanFactory:213 - Creating shared instance of singleton bean 'org.springframework.context.annotation.internalConfigurationAnnotationProcessor'
2020-04-09 16:16:12 DEBUG ClassPathBeanDefinitionScanner:437 - Identified candidate component class: file [F:\Module_3\spring_lab1\target\classes\com\lab\app\Employee.class]
2020-04-09 16:16:13 DEBUG DefaultListableBeanFactory:213 - Creating shared instance of singleton bean 'org.springframework.context.event.internalEventListenerProcessor'
2020-04-09 16:16:13 DEBUG DefaultListableBeanFactory:213 - Creating shared instance of singleton bean 'org.springframework.context.event.internalEventListenerFactory'
2020-04-09 16:16:13 DEBUG DefaultListableBeanFactory:213 - Creating shared instance of singleton bean 'org.springframework.context.annotation.internalAutowiredAnnotationProcessor'
2020-04-09 16:16:13 DEBUG DefaultListableBeanFactory:213 - Creating shared instance of singleton bean 'org.springframework.context.annotation.internalCommonAnnotationProcessor'
2020-04-09 16:16:13 DEBUG DefaultListableBeanFactory:213 - Creating shared instance of singleton bean 'javaConfig'
2020-04-09 16:16:13 DEBUG DefaultListableBeanFactory:213 - Creating shared instance of singleton bean 'employee'
2020-04-09 16:16:13 WARN  AnnotationConfigApplicationContext:557 - Exception encountered during context initialization - cancelling refresh attempt: org.springframework.beans.factory.UnsatisfiedDependencyException: Error creating bean with name 'employee' defined in file [F:\Module_3\spring_lab1\target\classes\com\lab\app\Employee.class]: Unsatisfied dependency expressed through constructor parameter 0; nested exception is org.springframework.beans.factory.NoSuchBeanDefinitionException: No qualifying bean of type 'int' available: expected at least 1 bean which qualifies as autowire candidate. Dependency annotations: {}
2020-04-09 16:18:59 DEBUG AnnotationConfigApplicationContext:594 - Refreshing org.springframework.context.annotation.AnnotationConfigApplicationContext@504bae78
2020-04-09 16:18:59 DEBUG DefaultListableBeanFactory:213 - Creating shared instance of singleton bean 'org.springframework.context.annotation.internalConfigurationAnnotationProcessor'
2020-04-09 16:19:00 DEBUG ClassPathBeanDefinitionScanner:437 - Identified candidate component class: file [F:\Module_3\spring_lab1\target\classes\com\lab\app\Employee.class]
2020-04-09 16:19:00 DEBUG DefaultListableBeanFactory:213 - Creating shared instance of singleton bean 'org.springframework.context.event.internalEventListenerProcessor'
2020-04-09 16:19:00 DEBUG DefaultListableBeanFactory:213 - Creating shared instance of singleton bean 'org.springframework.context.event.internalEventListenerFactory'
2020-04-09 16:19:00 DEBUG DefaultListableBeanFactory:213 - Creating shared instance of singleton bean 'org.springframework.context.annotation.internalAutowiredAnnotationProcessor'
2020-04-09 16:19:00 DEBUG DefaultListableBeanFactory:213 - Creating shared instance of singleton bean 'org.springframework.context.annotation.internalCommonAnnotationProcessor'
2020-04-09 16:19:00 DEBUG DefaultListableBeanFactory:213 - Creating shared instance of singleton bean 'javaConfig'
2020-04-09 16:19:00 DEBUG DefaultListableBeanFactory:213 - Creating shared instance of singleton bean 'employee'
2020-04-09 16:19:00 WARN  AnnotationConfigApplicationContext:557 - Exception encountered during context initialization - cancelling refresh attempt: org.springframework.beans.factory.UnsatisfiedDependencyException: Error creating bean with name 'employee' defined in file [F:\Module_3\spring_lab1\target\classes\com\lab\app\Employee.class]: Unsatisfied dependency expressed through constructor parameter 0; nested exception is org.springframework.beans.factory.NoSuchBeanDefinitionException: No qualifying bean of type 'int' available: expected at least 1 bean which qualifies as autowire candidate. Dependency annotations: {}
2020-04-09 16:24:29 DEBUG AnnotationConfigApplicationContext:594 - Refreshing org.springframework.context.annotation.AnnotationConfigApplicationContext@504bae78
2020-04-09 16:24:29 DEBUG DefaultListableBeanFactory:213 - Creating shared instance of singleton bean 'org.springframework.context.annotation.internalConfigurationAnnotationProcessor'
2020-04-09 16:24:30 DEBUG ClassPathBeanDefinitionScanner:437 - Identified candidate component class: file [F:\Module_3\spring_lab1\target\classes\com\lab\app\Employee.class]
2020-04-09 16:24:30 DEBUG ClassPathBeanDefinitionScanner:437 - Identified candidate component class: file [F:\Module_3\spring_lab1\target\classes\com\lab\app\EmployeeDetails.class]
2020-04-09 16:24:30 DEBUG DefaultListableBeanFactory:213 - Creating shared instance of singleton bean 'org.springframework.context.event.internalEventListenerProcessor'
2020-04-09 16:24:30 DEBUG DefaultListableBeanFactory:213 - Creating shared instance of singleton bean 'org.springframework.context.event.internalEventListenerFactory'
2020-04-09 16:24:30 DEBUG DefaultListableBeanFactory:213 - Creating shared instance of singleton bean 'org.springframework.context.annotation.internalAutowiredAnnotationProcessor'
2020-04-09 16:24:30 DEBUG DefaultListableBeanFactory:213 - Creating shared instance of singleton bean 'org.springframework.context.annotation.internalCommonAnnotationProcessor'
2020-04-09 16:24:30 DEBUG DefaultListableBeanFactory:213 - Creating shared instance of singleton bean 'javaConfig'
2020-04-09 16:24:30 DEBUG DefaultListableBeanFactory:213 - Creating shared instance of singleton bean 'employee'
2020-04-09 16:24:30 WARN  AnnotationConfigApplicationContext:557 - Exception encountered during context initialization - cancelling refresh attempt: org.springframework.beans.factory.UnsatisfiedDependencyException: Error creating bean with name 'employee' defined in file [F:\Module_3\spring_lab1\target\classes\com\lab\app\Employee.class]: Unsatisfied dependency expressed through constructor parameter 0; nested exception is org.springframework.beans.factory.NoSuchBeanDefinitionException: No qualifying bean of type 'int' available: expected at least 1 bean which qualifies as autowire candidate. Dependency annotations: {}
2020-04-09 16:28:46 DEBUG AnnotationConfigApplicationContext:594 - Refreshing org.springframework.context.annotation.AnnotationConfigApplicationContext@504bae78
2020-04-09 16:28:46 DEBUG DefaultListableBeanFactory:213 - Creating shared instance of singleton bean 'org.springframework.context.annotation.internalConfigurationAnnotationProcessor'
2020-04-09 16:28:46 DEBUG ClassPathBeanDefinitionScanner:437 - Identified candidate component class: file [F:\Module_3\spring_lab1\target\classes\com\lab\app\Employee.class]
2020-04-09 16:28:46 DEBUG ClassPathBeanDefinitionScanner:437 - Identified candidate component class: file [F:\Module_3\spring_lab1\target\classes\com\lab\app\EmployeeDetails.class]
2020-04-09 16:28:46 DEBUG DefaultListableBeanFactory:909 - Overriding bean definition for bean 'employee' with a different definition: replacing [Generic bean: class [com.lab.app.Employee]; scope=singleton; abstract=false; lazyInit=false; autowireMode=0; dependencyCheck=0; autowireCandidate=true; primary=false; factoryBeanName=null; factoryMethodName=null; initMethodName=null; destroyMethodName=null; defined in file [F:\Module_3\spring_lab1\target\classes\com\lab\app\Employee.class]] with [Root bean: class [null]; scope=; abstract=false; lazyInit=false; autowireMode=3; dependencyCheck=0; autowireCandidate=true; primary=false; factoryBeanName=javaConfig; factoryMethodName=employee; initMethodName=null; destroyMethodName=(inferred); defined in com.lab.app.JavaConfig]
2020-04-09 16:28:46 DEBUG DefaultListableBeanFactory:213 - Creating shared instance of singleton bean 'org.springframework.context.event.internalEventListenerProcessor'
2020-04-09 16:28:46 DEBUG DefaultListableBeanFactory:213 - Creating shared instance of singleton bean 'org.springframework.context.event.internalEventListenerFactory'
2020-04-09 16:28:46 DEBUG DefaultListableBeanFactory:213 - Creating shared instance of singleton bean 'org.springframework.context.annotation.internalAutowiredAnnotationProcessor'
2020-04-09 16:28:46 DEBUG DefaultListableBeanFactory:213 - Creating shared instance of singleton bean 'org.springframework.context.annotation.internalCommonAnnotationProcessor'
2020-04-09 16:28:46 DEBUG DefaultListableBeanFactory:213 - Creating shared instance of singleton bean 'javaConfig'
2020-04-09 16:28:46 DEBUG DefaultListableBeanFactory:213 - Creating shared instance of singleton bean 'employee'
2020-04-09 16:28:46 DEBUG PropertySourcesPropertyResolver:115 - Found key 'id' in PropertySource 'class path resource [employee.properties]' with value of type String
2020-04-09 16:28:46 DEBUG PropertySourcesPropertyResolver:115 - Found key 'name' in PropertySource 'class path resource [employee.properties]' with value of type String
2020-04-09 16:28:46 DEBUG PropertySourcesPropertyResolver:115 - Found key 'salary' in PropertySource 'class path resource [employee.properties]' with value of type String
2020-04-09 16:28:46 DEBUG PropertySourcesPropertyResolver:115 - Found key 'bu' in PropertySource 'class path resource [employee.properties]' with value of type String
2020-04-09 16:28:46 DEBUG PropertySourcesPropertyResolver:115 - Found key 'age' in PropertySource 'class path resource [employee.properties]' with value of type String
2020-04-09 16:28:46 DEBUG DefaultListableBeanFactory:213 - Creating shared instance of singleton bean 'employeeDetails'
2020-04-09 16:29:32 DEBUG AnnotationConfigApplicationContext:594 - Refreshing org.springframework.context.annotation.AnnotationConfigApplicationContext@504bae78
2020-04-09 16:29:32 DEBUG DefaultListableBeanFactory:213 - Creating shared instance of singleton bean 'org.springframework.context.annotation.internalConfigurationAnnotationProcessor'
2020-04-09 16:29:32 DEBUG ClassPathBeanDefinitionScanner:437 - Identified candidate component class: file [F:\Module_3\spring_lab1\target\classes\com\lab\app\Employee.class]
2020-04-09 16:29:32 DEBUG ClassPathBeanDefinitionScanner:437 - Identified candidate component class: file [F:\Module_3\spring_lab1\target\classes\com\lab\app\EmployeeDetails.class]
2020-04-09 16:29:32 DEBUG DefaultListableBeanFactory:213 - Creating shared instance of singleton bean 'org.springframework.context.event.internalEventListenerProcessor'
2020-04-09 16:29:32 DEBUG DefaultListableBeanFactory:213 - Creating shared instance of singleton bean 'org.springframework.context.event.internalEventListenerFactory'
2020-04-09 16:29:32 DEBUG DefaultListableBeanFactory:213 - Creating shared instance of singleton bean 'org.springframework.context.annotation.internalAutowiredAnnotationProcessor'
2020-04-09 16:29:32 DEBUG DefaultListableBeanFactory:213 - Creating shared instance of singleton bean 'org.springframework.context.annotation.internalCommonAnnotationProcessor'
2020-04-09 16:29:32 DEBUG DefaultListableBeanFactory:213 - Creating shared instance of singleton bean 'javaConfig'
2020-04-09 16:29:32 DEBUG DefaultListableBeanFactory:213 - Creating shared instance of singleton bean 'employee'
2020-04-09 16:29:32 DEBUG PropertySourcesPropertyResolver:115 - Found key 'id' in PropertySource 'class path resource [employee.properties]' with value of type String
2020-04-09 16:29:33 DEBUG PropertySourcesPropertyResolver:115 - Found key 'name' in PropertySource 'class path resource [employee.properties]' with value of type String
2020-04-09 16:29:33 DEBUG PropertySourcesPropertyResolver:115 - Found key 'salary' in PropertySource 'class path resource [employee.properties]' with value of type String
2020-04-09 16:29:33 DEBUG PropertySourcesPropertyResolver:115 - Found key 'bu' in PropertySource 'class path resource [employee.properties]' with value of type String
2020-04-09 16:29:33 DEBUG PropertySourcesPropertyResolver:115 - Found key 'age' in PropertySource 'class path resource [employee.properties]' with value of type String
2020-04-09 16:29:33 DEBUG DefaultListableBeanFactory:213 - Creating shared instance of singleton bean 'employeeDetails'
2020-04-09 16:29:46 DEBUG AnnotationConfigApplicationContext:594 - Refreshing org.springframework.context.annotation.AnnotationConfigApplicationContext@504bae78
2020-04-09 16:29:46 DEBUG DefaultListableBeanFactory:213 - Creating shared instance of singleton bean 'org.springframework.context.annotation.internalConfigurationAnnotationProcessor'
2020-04-09 16:29:46 DEBUG ClassPathBeanDefinitionScanner:437 - Identified candidate component class: file [F:\Module_3\spring_lab1\target\classes\com\lab\app\Employee.class]
2020-04-09 16:29:46 DEBUG ClassPathBeanDefinitionScanner:437 - Identified candidate component class: file [F:\Module_3\spring_lab1\target\classes\com\lab\app\EmployeeDetails.class]
2020-04-09 16:29:46 DEBUG DefaultListableBeanFactory:213 - Creating shared instance of singleton bean 'org.springframework.context.event.internalEventListenerProcessor'
2020-04-09 16:29:46 DEBUG DefaultListableBeanFactory:213 - Creating shared instance of singleton bean 'org.springframework.context.event.internalEventListenerFactory'
2020-04-09 16:29:46 DEBUG DefaultListableBeanFactory:213 - Creating shared instance of singleton bean 'org.springframework.context.annotation.internalAutowiredAnnotationProcessor'
2020-04-09 16:29:46 DEBUG DefaultListableBeanFactory:213 - Creating shared instance of singleton bean 'org.springframework.context.annotation.internalCommonAnnotationProcessor'
2020-04-09 16:29:46 DEBUG DefaultListableBeanFactory:213 - Creating shared instance of singleton bean 'javaConfig'
2020-04-09 16:29:46 DEBUG DefaultListableBeanFactory:213 - Creating shared instance of singleton bean 'employee'
2020-04-09 16:29:46 DEBUG PropertySourcesPropertyResolver:115 - Found key 'id' in PropertySource 'class path resource [employee.properties]' with value of type String
2020-04-09 16:29:46 DEBUG PropertySourcesPropertyResolver:115 - Found key 'name' in PropertySource 'class path resource [employee.properties]' with value of type String
2020-04-09 16:29:46 DEBUG PropertySourcesPropertyResolver:115 - Found key 'salary' in PropertySource 'class path resource [employee.properties]' with value of type String
2020-04-09 16:29:46 DEBUG PropertySourcesPropertyResolver:115 - Found key 'bu' in PropertySource 'class path resource [employee.properties]' with value of type String
2020-04-09 16:29:46 DEBUG PropertySourcesPropertyResolver:115 - Found key 'age' in PropertySource 'class path resource [employee.properties]' with value of type String
2020-04-09 16:29:46 DEBUG DefaultListableBeanFactory:213 - Creating shared instance of singleton bean 'employeeDetails'
2020-04-09 16:30:28 DEBUG AnnotationConfigApplicationContext:594 - Refreshing org.springframework.context.annotation.AnnotationConfigApplicationContext@504bae78
2020-04-09 16:30:28 DEBUG DefaultListableBeanFactory:213 - Creating shared instance of singleton bean 'org.springframework.context.annotation.internalConfigurationAnnotationProcessor'
2020-04-09 16:30:28 DEBUG ClassPathBeanDefinitionScanner:437 - Identified candidate component class: file [F:\Module_3\spring_lab1\target\classes\com\lab\app\Employee.class]
2020-04-09 16:30:28 DEBUG ClassPathBeanDefinitionScanner:437 - Identified candidate component class: file [F:\Module_3\spring_lab1\target\classes\com\lab\app\EmployeeDetails.class]
2020-04-09 16:30:29 DEBUG DefaultListableBeanFactory:213 - Creating shared instance of singleton bean 'org.springframework.context.event.internalEventListenerProcessor'
2020-04-09 16:30:29 DEBUG DefaultListableBeanFactory:213 - Creating shared instance of singleton bean 'org.springframework.context.event.internalEventListenerFactory'
2020-04-09 16:30:29 DEBUG DefaultListableBeanFactory:213 - Creating shared instance of singleton bean 'org.springframework.context.annotation.internalAutowiredAnnotationProcessor'
2020-04-09 16:30:29 DEBUG DefaultListableBeanFactory:213 - Creating shared instance of singleton bean 'org.springframework.context.annotation.internalCommonAnnotationProcessor'
2020-04-09 16:30:29 DEBUG DefaultListableBeanFactory:213 - Creating shared instance of singleton bean 'javaConfig'
2020-04-09 16:30:29 DEBUG DefaultListableBeanFactory:213 - Creating shared instance of singleton bean 'employee'
2020-04-09 16:30:29 DEBUG PropertySourcesPropertyResolver:115 - Found key 'id' in PropertySource 'class path resource [employee.properties]' with value of type String
2020-04-09 16:30:29 DEBUG PropertySourcesPropertyResolver:115 - Found key 'name' in PropertySource 'class path resource [employee.properties]' with value of type String
2020-04-09 16:30:29 DEBUG PropertySourcesPropertyResolver:115 - Found key 'salary' in PropertySource 'class path resource [employee.properties]' with value of type String
2020-04-09 16:30:29 DEBUG PropertySourcesPropertyResolver:115 - Found key 'bu' in PropertySource 'class path resource [employee.properties]' with value of type String
2020-04-09 16:30:29 DEBUG PropertySourcesPropertyResolver:115 - Found key 'age' in PropertySource 'class path resource [employee.properties]' with value of type String
2020-04-09 16:30:29 DEBUG DefaultListableBeanFactory:213 - Creating shared instance of singleton bean 'employeeDetails'
2020-04-09 18:02:30 DEBUG AnnotationConfigApplicationContext:594 - Refreshing org.springframework.context.annotation.AnnotationConfigApplicationContext@504bae78
2020-04-09 18:02:30 DEBUG DefaultListableBeanFactory:213 - Creating shared instance of singleton bean 'org.springframework.context.annotation.internalConfigurationAnnotationProcessor'
2020-04-09 18:02:30 DEBUG ClassPathBeanDefinitionScanner:437 - Identified candidate component class: file [F:\Module_3\lab\spring_lab1\target\classes\com\lab\app\Employee.class]
2020-04-09 18:02:30 DEBUG DefaultListableBeanFactory:213 - Creating shared instance of singleton bean 'org.springframework.context.event.internalEventListenerProcessor'
2020-04-09 18:02:30 DEBUG DefaultListableBeanFactory:213 - Creating shared instance of singleton bean 'org.springframework.context.event.internalEventListenerFactory'
2020-04-09 18:02:30 DEBUG DefaultListableBeanFactory:213 - Creating shared instance of singleton bean 'org.springframework.context.annotation.internalAutowiredAnnotationProcessor'
2020-04-09 18:02:30 DEBUG DefaultListableBeanFactory:213 - Creating shared instance of singleton bean 'org.springframework.context.annotation.internalCommonAnnotationProcessor'
2020-04-09 18:02:30 DEBUG DefaultListableBeanFactory:213 - Creating shared instance of singleton bean 'javaConfig'
2020-04-09 18:02:30 DEBUG DefaultListableBeanFactory:213 - Creating shared instance of singleton bean 'employee'
2020-04-09 18:02:30 DEBUG PropertySourcesPropertyResolver:115 - Found key 'id' in PropertySource 'class path resource [employee.properties]' with value of type String
2020-04-09 18:02:30 DEBUG PropertySourcesPropertyResolver:115 - Found key 'name' in PropertySource 'class path resource [employee.properties]' with value of type String
2020-04-09 18:02:30 DEBUG PropertySourcesPropertyResolver:115 - Found key 'salary' in PropertySource 'class path resource [employee.properties]' with value of type String
2020-04-09 18:02:30 DEBUG PropertySourcesPropertyResolver:115 - Found key 'bu' in PropertySource 'class path resource [employee.properties]' with value of type String
2020-04-09 18:02:30 DEBUG PropertySourcesPropertyResolver:115 - Found key 'age' in PropertySource 'class path resource [employee.properties]' with value of type String
2020-04-09 18:03:05 DEBUG AnnotationConfigApplicationContext:594 - Refreshing org.springframework.context.annotation.AnnotationConfigApplicationContext@504bae78
2020-04-09 18:03:05 DEBUG DefaultListableBeanFactory:213 - Creating shared instance of singleton bean 'org.springframework.context.annotation.internalConfigurationAnnotationProcessor'
2020-04-09 18:03:05 DEBUG ClassPathBeanDefinitionScanner:437 - Identified candidate component class: file [F:\Module_3\lab\spring_lab1\target\classes\com\lab\app\Employee.class]
2020-04-09 18:03:05 DEBUG DefaultListableBeanFactory:213 - Creating shared instance of singleton bean 'org.springframework.context.event.internalEventListenerProcessor'
2020-04-09 18:03:05 DEBUG DefaultListableBeanFactory:213 - Creating shared instance of singleton bean 'org.springframework.context.event.internalEventListenerFactory'
2020-04-09 18:03:05 DEBUG DefaultListableBeanFactory:213 - Creating shared instance of singleton bean 'org.springframework.context.annotation.internalAutowiredAnnotationProcessor'
2020-04-09 18:03:05 DEBUG DefaultListableBeanFactory:213 - Creating shared instance of singleton bean 'org.springframework.context.annotation.internalCommonAnnotationProcessor'
2020-04-09 18:03:05 DEBUG DefaultListableBeanFactory:213 - Creating shared instance of singleton bean 'javaConfig'
2020-04-09 18:03:06 DEBUG DefaultListableBeanFactory:213 - Creating shared instance of singleton bean 'employee'
2020-04-09 18:03:06 DEBUG PropertySourcesPropertyResolver:115 - Found key 'id' in PropertySource 'class path resource [employee.properties]' with value of type String
2020-04-09 18:03:06 DEBUG PropertySourcesPropertyResolver:115 - Found key 'name' in PropertySource 'class path resource [employee.properties]' with value of type String
2020-04-09 18:03:06 DEBUG PropertySourcesPropertyResolver:115 - Found key 'salary' in PropertySource 'class path resource [employee.properties]' with value of type String
2020-04-09 18:03:06 DEBUG PropertySourcesPropertyResolver:115 - Found key 'bu' in PropertySource 'class path resource [employee.properties]' with value of type String
2020-04-09 18:03:06 DEBUG PropertySourcesPropertyResolver:115 - Found key 'age' in PropertySource 'class path resource [employee.properties]' with value of type String
2020-04-09 18:04:05 DEBUG AnnotationConfigApplicationContext:594 - Refreshing org.springframework.context.annotation.AnnotationConfigApplicationContext@504bae78
2020-04-09 18:04:05 DEBUG DefaultListableBeanFactory:213 - Creating shared instance of singleton bean 'org.springframework.context.annotation.internalConfigurationAnnotationProcessor'
2020-04-09 18:04:05 DEBUG ClassPathBeanDefinitionScanner:437 - Identified candidate component class: file [F:\Module_3\lab\spring_lab1\target\classes\com\lab\app\Employee.class]
2020-04-09 18:04:05 DEBUG DefaultListableBeanFactory:213 - Creating shared instance of singleton bean 'org.springframework.context.event.internalEventListenerProcessor'
2020-04-09 18:04:05 DEBUG DefaultListableBeanFactory:213 - Creating shared instance of singleton bean 'org.springframework.context.event.internalEventListenerFactory'
2020-04-09 18:04:05 DEBUG DefaultListableBeanFactory:213 - Creating shared instance of singleton bean 'org.springframework.context.annotation.internalAutowiredAnnotationProcessor'
2020-04-09 18:04:05 DEBUG DefaultListableBeanFactory:213 - Creating shared instance of singleton bean 'org.springframework.context.annotation.internalCommonAnnotationProcessor'
2020-04-09 18:04:05 DEBUG DefaultListableBeanFactory:213 - Creating shared instance of singleton bean 'javaConfig'
2020-04-09 18:04:05 DEBUG DefaultListableBeanFactory:213 - Creating shared instance of singleton bean 'employee'
2020-04-09 18:04:05 DEBUG PropertySourcesPropertyResolver:115 - Found key 'id' in PropertySource 'class path resource [employee.properties]' with value of type String
2020-04-09 18:04:05 DEBUG PropertySourcesPropertyResolver:115 - Found key 'name' in PropertySource 'class path resource [employee.properties]' with value of type String
2020-04-09 18:04:05 DEBUG PropertySourcesPropertyResolver:115 - Found key 'salary' in PropertySource 'class path resource [employee.properties]' with value of type String
2020-04-09 18:04:05 DEBUG PropertySourcesPropertyResolver:115 - Found key 'bu' in PropertySource 'class path resource [employee.properties]' with value of type String
2020-04-09 18:04:05 DEBUG PropertySourcesPropertyResolver:115 - Found key 'age' in PropertySource 'class path resource [employee.properties]' with value of type String
2020-04-09 21:03:40 DEBUG AnnotationConfigApplicationContext:594 - Refreshing org.springframework.context.annotation.AnnotationConfigApplicationContext@504bae78
2020-04-09 21:03:40 DEBUG DefaultListableBeanFactory:213 - Creating shared instance of singleton bean 'org.springframework.context.annotation.internalConfigurationAnnotationProcessor'
2020-04-09 21:03:41 DEBUG ClassPathBeanDefinitionScanner:437 - Identified candidate component class: file [F:\Module_3\lab\spring_lab1\target\classes\com\lab\app\Employee.class]
2020-04-09 21:03:41 DEBUG ClassPathBeanDefinitionScanner:437 - Identified candidate component class: file [F:\Module_3\lab\spring_lab1\target\classes\com\lab\app\SBU.class]
2020-04-09 21:03:41 DEBUG DefaultListableBeanFactory:213 - Creating shared instance of singleton bean 'org.springframework.context.event.internalEventListenerProcessor'
2020-04-09 21:03:41 DEBUG DefaultListableBeanFactory:213 - Creating shared instance of singleton bean 'org.springframework.context.event.internalEventListenerFactory'
2020-04-09 21:03:41 DEBUG DefaultListableBeanFactory:213 - Creating shared instance of singleton bean 'org.springframework.context.annotation.internalAutowiredAnnotationProcessor'
2020-04-09 21:03:41 DEBUG DefaultListableBeanFactory:213 - Creating shared instance of singleton bean 'org.springframework.context.annotation.internalCommonAnnotationProcessor'
2020-04-09 21:03:41 DEBUG DefaultListableBeanFactory:213 - Creating shared instance of singleton bean 'javaConfig'
2020-04-09 21:03:41 DEBUG DefaultListableBeanFactory:213 - Creating shared instance of singleton bean 'employee'
2020-04-09 21:03:41 DEBUG PropertySourcesPropertyResolver:115 - Found key 'id' in PropertySource 'class path resource [employee.properties]' with value of type String
2020-04-09 21:03:41 DEBUG PropertySourcesPropertyResolver:115 - Found key 'name' in PropertySource 'class path resource [employee.properties]' with value of type String
2020-04-09 21:03:41 DEBUG PropertySourcesPropertyResolver:115 - Found key 'salary' in PropertySource 'class path resource [employee.properties]' with value of type String
2020-04-09 21:03:41 DEBUG PropertySourcesPropertyResolver:115 - Found key 'bu' in PropertySource 'class path resource [employee.properties]' with value of type String
2020-04-09 21:03:41 DEBUG PropertySourcesPropertyResolver:115 - Found key 'age' in PropertySource 'class path resource [employee.properties]' with value of type String
2020-04-09 21:03:41 DEBUG DefaultListableBeanFactory:213 - Creating shared instance of singleton bean 'SBU'
2020-04-09 21:04:11 DEBUG AnnotationConfigApplicationContext:594 - Refreshing org.springframework.context.annotation.AnnotationConfigApplicationContext@504bae78
2020-04-09 21:04:11 DEBUG DefaultListableBeanFactory:213 - Creating shared instance of singleton bean 'org.springframework.context.annotation.internalConfigurationAnnotationProcessor'
2020-04-09 21:04:12 DEBUG ClassPathBeanDefinitionScanner:437 - Identified candidate component class: file [F:\Module_3\lab\spring_lab1\target\classes\com\lab\app\Employee.class]
2020-04-09 21:04:12 DEBUG ClassPathBeanDefinitionScanner:437 - Identified candidate component class: file [F:\Module_3\lab\spring_lab1\target\classes\com\lab\app\SBU.class]
2020-04-09 21:04:12 DEBUG DefaultListableBeanFactory:213 - Creating shared instance of singleton bean 'org.springframework.context.event.internalEventListenerProcessor'
2020-04-09 21:04:12 DEBUG DefaultListableBeanFactory:213 - Creating shared instance of singleton bean 'org.springframework.context.event.internalEventListenerFactory'
2020-04-09 21:04:12 DEBUG DefaultListableBeanFactory:213 - Creating shared instance of singleton bean 'org.springframework.context.annotation.internalAutowiredAnnotationProcessor'
2020-04-09 21:04:12 DEBUG DefaultListableBeanFactory:213 - Creating shared instance of singleton bean 'org.springframework.context.annotation.internalCommonAnnotationProcessor'
2020-04-09 21:04:12 DEBUG DefaultListableBeanFactory:213 - Creating shared instance of singleton bean 'javaConfig'
2020-04-09 21:04:12 DEBUG DefaultListableBeanFactory:213 - Creating shared instance of singleton bean 'employee'
2020-04-09 21:04:12 DEBUG PropertySourcesPropertyResolver:115 - Found key 'id' in PropertySource 'class path resource [employee.properties]' with value of type String
2020-04-09 21:04:12 DEBUG PropertySourcesPropertyResolver:115 - Found key 'name' in PropertySource 'class path resource [employee.properties]' with value of type String
2020-04-09 21:04:12 DEBUG PropertySourcesPropertyResolver:115 - Found key 'salary' in PropertySource 'class path resource [employee.properties]' with value of type String
2020-04-09 21:04:12 DEBUG PropertySourcesPropertyResolver:115 - Found key 'bu' in PropertySource 'class path resource [employee.properties]' with value of type String
2020-04-09 21:04:12 DEBUG PropertySourcesPropertyResolver:115 - Found key 'age' in PropertySource 'class path resource [employee.properties]' with value of type String
2020-04-09 21:04:12 DEBUG DefaultListableBeanFactory:213 - Creating shared instance of singleton bean 'SBU'
2020-04-09 21:04:28 DEBUG AnnotationConfigApplicationContext:594 - Refreshing org.springframework.context.annotation.AnnotationConfigApplicationContext@504bae78
2020-04-09 21:04:28 DEBUG DefaultListableBeanFactory:213 - Creating shared instance of singleton bean 'org.springframework.context.annotation.internalConfigurationAnnotationProcessor'
2020-04-09 21:04:28 DEBUG ClassPathBeanDefinitionScanner:437 - Identified candidate component class: file [F:\Module_3\lab\spring_lab1\target\classes\com\lab\app\Employee.class]
2020-04-09 21:04:28 DEBUG ClassPathBeanDefinitionScanner:437 - Identified candidate component class: file [F:\Module_3\lab\spring_lab1\target\classes\com\lab\app\SBU.class]
2020-04-09 21:04:29 DEBUG DefaultListableBeanFactory:213 - Creating shared instance of singleton bean 'org.springframework.context.event.internalEventListenerProcessor'
2020-04-09 21:04:29 DEBUG DefaultListableBeanFactory:213 - Creating shared instance of singleton bean 'org.springframework.context.event.internalEventListenerFactory'
2020-04-09 21:04:29 DEBUG DefaultListableBeanFactory:213 - Creating shared instance of singleton bean 'org.springframework.context.annotation.internalAutowiredAnnotationProcessor'
2020-04-09 21:04:29 DEBUG DefaultListableBeanFactory:213 - Creating shared instance of singleton bean 'org.springframework.context.annotation.internalCommonAnnotationProcessor'
2020-04-09 21:04:29 DEBUG DefaultListableBeanFactory:213 - Creating shared instance of singleton bean 'javaConfig'
2020-04-09 21:04:29 DEBUG DefaultListableBeanFactory:213 - Creating shared instance of singleton bean 'employee'
2020-04-09 21:04:29 DEBUG PropertySourcesPropertyResolver:115 - Found key 'id' in PropertySource 'class path resource [employee.properties]' with value of type String
2020-04-09 21:04:29 DEBUG PropertySourcesPropertyResolver:115 - Found key 'name' in PropertySource 'class path resource [employee.properties]' with value of type String
2020-04-09 21:04:29 DEBUG PropertySourcesPropertyResolver:115 - Found key 'salary' in PropertySource 'class path resource [employee.properties]' with value of type String
2020-04-09 21:04:29 DEBUG PropertySourcesPropertyResolver:115 - Found key 'bu' in PropertySource 'class path resource [employee.properties]' with value of type String
2020-04-09 21:04:29 DEBUG PropertySourcesPropertyResolver:115 - Found key 'age' in PropertySource 'class path resource [employee.properties]' with value of type String
2020-04-09 21:04:29 DEBUG DefaultListableBeanFactory:213 - Creating shared instance of singleton bean 'SBU'
2020-04-10 10:25:04 DEBUG AnnotationConfigApplicationContext:594 - Refreshing org.springframework.context.annotation.AnnotationConfigApplicationContext@614c5515
2020-04-10 10:25:04 DEBUG DefaultListableBeanFactory:213 - Creating shared instance of singleton bean 'org.springframework.context.annotation.internalConfigurationAnnotationProcessor'
2020-04-10 10:25:04 DEBUG ClassPathBeanDefinitionScanner:437 - Identified candidate component class: file [E:\Company\Capgemini\L1\LabBooks\Anirudh's Labbook spring\Hibernate-Spring\spring_lab1\target\classes\com\cg\app\Employee.class]
2020-04-10 10:25:04 DEBUG ClassPathBeanDefinitionScanner:437 - Identified candidate component class: file [E:\Company\Capgemini\L1\LabBooks\Anirudh's Labbook spring\Hibernate-Spring\spring_lab1\target\classes\com\cg\app\SBU.class]
2020-04-10 10:25:04 DEBUG DefaultListableBeanFactory:213 - Creating shared instance of singleton bean 'org.springframework.context.event.internalEventListenerProcessor'
2020-04-10 10:25:04 DEBUG DefaultListableBeanFactory:213 - Creating shared instance of singleton bean 'org.springframework.context.event.internalEventListenerFactory'
2020-04-10 10:25:04 DEBUG DefaultListableBeanFactory:213 - Creating shared instance of singleton bean 'org.springframework.context.annotation.internalAutowiredAnnotationProcessor'
2020-04-10 10:25:04 DEBUG DefaultListableBeanFactory:213 - Creating shared instance of singleton bean 'org.springframework.context.annotation.internalCommonAnnotationProcessor'
2020-04-10 10:25:04 DEBUG DefaultListableBeanFactory:213 - Creating shared instance of singleton bean 'javaConfig'
2020-04-10 10:25:04 DEBUG DefaultListableBeanFactory:213 - Creating shared instance of singleton bean 'employee'
2020-04-10 10:25:05 DEBUG PropertySourcesPropertyResolver:115 - Found key 'id' in PropertySource 'class path resource [employee.properties]' with value of type String
2020-04-10 10:25:05 DEBUG PropertySourcesPropertyResolver:115 - Found key 'name' in PropertySource 'class path resource [employee.properties]' with value of type String
2020-04-10 10:25:05 DEBUG PropertySourcesPropertyResolver:115 - Found key 'salary' in PropertySource 'class path resource [employee.properties]' with value of type String
2020-04-10 10:25:05 DEBUG PropertySourcesPropertyResolver:115 - Found key 'bu' in PropertySource 'class path resource [employee.properties]' with value of type String
2020-04-10 10:25:05 DEBUG PropertySourcesPropertyResolver:115 - Found key 'age' in PropertySource 'class path resource [employee.properties]' with value of type String
2020-04-10 10:25:05 DEBUG DefaultListableBeanFactory:213 - Creating shared instance of singleton bean 'SBU'
2020-04-10 10:36:25 DEBUG AnnotationConfigApplicationContext:594 - Refreshing org.springframework.context.annotation.AnnotationConfigApplicationContext@614c5515
2020-04-10 10:36:25 DEBUG DefaultListableBeanFactory:213 - Creating shared instance of singleton bean 'org.springframework.context.annotation.internalConfigurationAnnotationProcessor'
2020-04-10 10:36:25 DEBUG ClassPathBeanDefinitionScanner:437 - Identified candidate component class: file [E:\Company\Capgemini\L1\LabBooks\Anirudh's Labbook spring\Hibernate-Spring\spring_lab1\target\classes\com\cg\Employee.class]
2020-04-10 10:36:25 DEBUG ClassPathBeanDefinitionScanner:437 - Identified candidate component class: file [E:\Company\Capgemini\L1\LabBooks\Anirudh's Labbook spring\Hibernate-Spring\spring_lab1\target\classes\com\cg\SBU.class]
2020-04-10 10:36:25 DEBUG DefaultListableBeanFactory:213 - Creating shared instance of singleton bean 'org.springframework.context.event.internalEventListenerProcessor'
2020-04-10 10:36:25 DEBUG DefaultListableBeanFactory:213 - Creating shared instance of singleton bean 'org.springframework.context.event.internalEventListenerFactory'
2020-04-10 10:36:25 DEBUG DefaultListableBeanFactory:213 - Creating shared instance of singleton bean 'org.springframework.context.annotation.internalAutowiredAnnotationProcessor'
2020-04-10 10:36:25 DEBUG DefaultListableBeanFactory:213 - Creating shared instance of singleton bean 'org.springframework.context.annotation.internalCommonAnnotationProcessor'
2020-04-10 10:36:25 DEBUG DefaultListableBeanFactory:213 - Creating shared instance of singleton bean 'javaConfig'
2020-04-10 10:36:25 DEBUG DefaultListableBeanFactory:213 - Creating shared instance of singleton bean 'employee'
2020-04-10 10:36:25 DEBUG PropertySourcesPropertyResolver:115 - Found key 'id' in PropertySource 'class path resource [employee.properties]' with value of type String
2020-04-10 10:36:25 DEBUG PropertySourcesPropertyResolver:115 - Found key 'name' in PropertySource 'class path resource [employee.properties]' with value of type String
2020-04-10 10:36:25 DEBUG PropertySourcesPropertyResolver:115 - Found key 'salary' in PropertySource 'class path resource [employee.properties]' with value of type String
2020-04-10 10:36:25 DEBUG PropertySourcesPropertyResolver:115 - Found key 'bu' in PropertySource 'class path resource [employee.properties]' with value of type String
2020-04-10 10:36:25 DEBUG PropertySourcesPropertyResolver:115 - Found key 'age' in PropertySource 'class path resource [employee.properties]' with value of type String
2020-04-10 10:36:25 DEBUG DefaultListableBeanFactory:213 - Creating shared instance of singleton bean 'SBU'
